app/build.bak/intermediates/manifest_merge_blame_file/debug/manifest-merger-blame-debug-report.txt
1<?xml version="1.0" encoding="utf-8"?>
2<manifest xmlns:android="http://schemas.android.com/apk/res/android"
3    package="com.metallic.chiaki"
4    android:versionCode="11"
5    android:versionName="2.1.1" >
6
7    <uses-sdk
8        android:minSdkVersion="21"
8-->src/main/AndroidManifest.xml
9        android:targetSdkVersion="30" />
9-->src/main/AndroidManifest.xml
10
11    <uses-permission android:name="android.permission.INTERNET" />
11-->src/main/AndroidManifest.xml:6:5-67
11-->src/main/AndroidManifest.xml:6:22-64
12    <uses-permission android:name="android.permission.ACCESS_NETWORK_STATE" />
12-->src/main/AndroidManifest.xml:7:5-79
12-->src/main/AndroidManifest.xml:7:22-76
13    <uses-permission android:name="android.permission.VIBRATE" />
13-->src/main/AndroidManifest.xml:8:5-66
13-->src/main/AndroidManifest.xml:8:22-63
14
15    <application
15-->src/main/AndroidManifest.xml:10:5-62:19
16        android:allowBackup="true"
16-->src/main/AndroidManifest.xml:11:9-35
17        android:appComponentFactory="androidx.core.app.CoreComponentFactory"
17-->[androidx.core:core:1.3.2] AndroidManifest.xml:24:18-86
18        android:debuggable="true"
19        android:icon="@mipmap/ic_launcher"
19-->src/main/AndroidManifest.xml:12:9-43
20        android:label="@string/app_name"
20-->src/main/AndroidManifest.xml:13:9-41
21        android:roundIcon="@mipmap/ic_launcher_round"
21-->src/main/AndroidManifest.xml:14:9-54
22        android:supportsRtl="true"
22-->src/main/AndroidManifest.xml:15:9-35
23        android:theme="@style/AppTheme" >
23-->src/main/AndroidManifest.xml:16:9-40
24        <provider
24-->src/main/AndroidManifest.xml:19:9-28:20
25            android:name="androidx.core.content.FileProvider"
25-->src/main/AndroidManifest.xml:21:13-62
26            android:authorities="com.metallic.chiaki.fileprovider"
26-->src/main/AndroidManifest.xml:20:13-67
27            android:exported="false"
27-->src/main/AndroidManifest.xml:23:13-37
28            android:grantUriPermissions="true" >
28-->src/main/AndroidManifest.xml:22:13-47
29            <meta-data
29-->src/main/AndroidManifest.xml:24:13-27:19
30                android:name="android.support.FILE_PROVIDER_PATHS"
30-->src/main/AndroidManifest.xml:25:17-67
31                android:resource="@xml/filepaths" />
31-->src/main/AndroidManifest.xml:26:17-50
32        </provider>
33
34        <activity
34-->src/main/AndroidManifest.xml:30:9-36:20
35            android:name="com.metallic.chiaki.main.MainActivity"
35-->src/main/AndroidManifest.xml:30:19-52
36            android:configChanges="keyboard|keyboardHidden|orientation|screenSize" >
36-->src/main/AndroidManifest.xml:31:13-83
37            <intent-filter>
37-->src/main/AndroidManifest.xml:32:13-35:29
38                <action android:name="android.intent.action.MAIN" />
38-->src/main/AndroidManifest.xml:33:17-69
38-->src/main/AndroidManifest.xml:33:25-66
39
40                <category android:name="android.intent.category.LAUNCHER" />
40-->src/main/AndroidManifest.xml:34:17-77
40-->src/main/AndroidManifest.xml:34:27-74
41            </intent-filter>
42        </activity>
43        <activity
43-->src/main/AndroidManifest.xml:38:9-42:56
44            android:name="com.metallic.chiaki.stream.StreamActivity"
44-->src/main/AndroidManifest.xml:39:13-50
45            android:configChanges="keyboard|keyboardHidden|orientation|screenSize"
45-->src/main/AndroidManifest.xml:41:13-83
46            android:screenOrientation="userLandscape"
46-->src/main/AndroidManifest.xml:42:13-54
47            android:theme="@style/StreamTheme" />
47-->src/main/AndroidManifest.xml:40:13-47
48        <activity android:name="com.metallic.chiaki.settings.SettingsActivity" />
48-->src/main/AndroidManifest.xml:44:9-45:57
48-->src/main/AndroidManifest.xml:45:13-54
49        <activity
49-->src/main/AndroidManifest.xml:47:9-51:57
50            android:name="com.metallic.chiaki.regist.RegistActivity"
50-->src/main/AndroidManifest.xml:48:13-50
51            android:configChanges="keyboard|keyboardHidden|orientation|screenSize"
51-->src/main/AndroidManifest.xml:50:13-83
52            android:theme="@style/MageTheme"
52-->src/main/AndroidManifest.xml:49:13-45
53            android:windowSoftInputMode="adjustResize" />
53-->src/main/AndroidManifest.xml:51:13-55
54        <activity
54-->src/main/AndroidManifest.xml:53:9-56:86
55            android:name="com.metallic.chiaki.regist.RegistExecuteActivity"
55-->src/main/AndroidManifest.xml:54:13-57
56            android:configChanges="keyboard|keyboardHidden|orientation|screenSize"
56-->src/main/AndroidManifest.xml:56:13-83
57            android:theme="@style/MageTheme" />
57-->src/main/AndroidManifest.xml:55:13-45
58        <activity
58-->src/main/AndroidManifest.xml:58:9-61:86
59            android:name="com.metallic.chiaki.manualconsole.EditManualConsoleActivity"
59-->src/main/AndroidManifest.xml:59:13-68
60            android:configChanges="keyboard|keyboardHidden|orientation|screenSize"
60-->src/main/AndroidManifest.xml:61:13-83
61            android:theme="@style/MageTheme" />
61-->src/main/AndroidManifest.xml:60:13-45
62
63        <service
63-->[androidx.room:room-runtime:2.2.6] AndroidManifest.xml:25:9-28:40
64            android:name="androidx.room.MultiInstanceInvalidationService"
64-->[androidx.room:room-runtime:2.2.6] AndroidManifest.xml:26:13-74
65            android:directBootAware="true"
65-->[androidx.room:room-runtime:2.2.6] AndroidManifest.xml:27:13-43
66            android:exported="false" />
66-->[androidx.room:room-runtime:2.2.6] AndroidManifest.xml:28:13-37
67
68        <provider
68-->[androidx.lifecycle:lifecycle-process:2.2.0] AndroidManifest.xml:25:9-29:43
69            android:name="androidx.lifecycle.ProcessLifecycleOwnerInitializer"
69-->[androidx.lifecycle:lifecycle-process:2.2.0] AndroidManifest.xml:26:13-79
70            android:authorities="com.metallic.chiaki.lifecycle-process"
70-->[androidx.lifecycle:lifecycle-process:2.2.0] AndroidManifest.xml:27:13-69
71            android:exported="false"
71-->[androidx.lifecycle:lifecycle-process:2.2.0] AndroidManifest.xml:28:13-37
72            android:multiprocess="true" />
72-->[androidx.lifecycle:lifecycle-process:2.2.0] AndroidManifest.xml:29:13-40
73    </application>
74
75</manifest>